<?xml version="1.0" encoding="UTF-8"?>
<coverage generated="1627631524126" clover="3.2.0">
  <project timestamp="1627631524127" name="All files">
    <metrics statements="100" coveredstatements="83" conditionals="24" coveredconditionals="15" methods="25" coveredmethods="16" elements="149" coveredelements="114" complexity="0" loc="100" ncloc="100" packages="4" files="7" classes="7"/>
    <package name="card-matching-game">
      <metrics statements="1" coveredstatements="1" conditionals="0" coveredconditionals="0" methods="1" coveredmethods="1"/>
      <file name="App.js" path="C:\Users\sjemi\Documents\card-matching-game\App.js">
        <metrics statements="1" coveredstatements="1" conditionals="0" coveredconditionals="0" methods="1" coveredmethods="1"/>
        <line num="5" count="1" type="stmt"/>
      </file>
    </package>
    <package name="card-matching-game.src.components">
      <metrics statements="28" coveredstatements="28" conditionals="14" coveredconditionals="13" methods="7" coveredmethods="7"/>
      <file name="Card.js" path="C:\Users\sjemi\Documents\card-matching-game\src\components\Card.js">
        <metrics statements="23" coveredstatements="23" conditionals="14" coveredconditionals="13" methods="6" coveredmethods="6"/>
        <line num="6" count="3" type="stmt"/>
        <line num="10" count="4" type="cond" truecount="2" falsecount="0"/>
        <line num="13" count="3" type="stmt"/>
        <line num="18" count="3" type="stmt"/>
        <line num="28" count="5" type="stmt"/>
        <line num="30" count="5" type="stmt"/>
        <line num="35" count="5" type="stmt"/>
        <line num="40" count="5" type="stmt"/>
        <line num="45" count="5" type="stmt"/>
        <line num="50" count="5" type="stmt"/>
        <line num="54" count="5" type="stmt"/>
        <line num="59" count="5" type="stmt"/>
        <line num="60" count="1" type="cond" truecount="3" falsecount="1"/>
        <line num="61" count="1" type="stmt"/>
        <line num="65" count="5" type="stmt"/>
        <line num="66" count="3" type="stmt"/>
        <line num="69" count="5" type="stmt"/>
        <line num="70" count="3" type="cond" truecount="4" falsecount="0"/>
        <line num="71" count="1" type="stmt"/>
        <line num="78" count="2" type="stmt"/>
        <line num="87" count="5" type="cond" truecount="2" falsecount="0"/>
        <line num="103" count="1" type="stmt"/>
        <line num="112" count="3" type="stmt"/>
      </file>
      <file name="Header.js" path="C:\Users\sjemi\Documents\card-matching-game\src\components\Header.js">
        <metrics statements="5" coveredstatements="5" conditionals="0" coveredconditionals="0" methods="1" coveredmethods="1"/>
        <line num="6" count="3" type="stmt"/>
        <line num="15" count="3" type="stmt"/>
        <line num="22" count="3" type="stmt"/>
        <line num="28" count="3" type="stmt"/>
        <line num="34" count="2" type="stmt"/>
      </file>
      <file name="index.js" path="C:\Users\sjemi\Documents\card-matching-game\src\components\index.js">
        <metrics statements="0" coveredstatements="0" conditionals="0" coveredconditionals="0" methods="0" coveredmethods="0"/>
      </file>
    </package>
    <package name="card-matching-game.src.screens">
      <metrics statements="46" coveredstatements="29" conditionals="8" coveredconditionals="1" methods="15" coveredmethods="6"/>
      <file name="Main.js" path="C:\Users\sjemi\Documents\card-matching-game\src\screens\Main.js">
        <metrics statements="46" coveredstatements="29" conditionals="8" coveredconditionals="1" methods="15" coveredmethods="6"/>
        <line num="9" count="2" type="stmt"/>
        <line num="17" count="12" type="stmt"/>
        <line num="18" count="12" type="stmt"/>
        <line num="19" count="12" type="stmt"/>
        <line num="20" count="12" type="stmt"/>
        <line num="21" count="12" type="stmt"/>
        <line num="22" count="12" type="stmt"/>
        <line num="25" count="12" type="stmt"/>
        <line num="26" count="0" type="stmt"/>
        <line num="27" count="0" type="stmt"/>
        <line num="28" count="0" type="cond" truecount="0" falsecount="2"/>
        <line num="29" count="0" type="stmt"/>
        <line num="30" count="0" type="stmt"/>
        <line num="31" count="0" type="stmt"/>
        <line num="34" count="0" type="stmt"/>
        <line num="35" count="0" type="stmt"/>
        <line num="39" count="12" type="stmt"/>
        <line num="40" count="1" type="stmt"/>
        <line num="41" count="1" type="cond" truecount="1" falsecount="1"/>
        <line num="42" count="0" type="stmt"/>
        <line num="43" count="0" type="stmt"/>
        <line num="45" count="1" type="stmt"/>
        <line num="46" count="1" type="stmt"/>
        <line num="50" count="12" type="stmt"/>
        <line num="51" count="2" type="stmt"/>
        <line num="54" count="12" type="stmt"/>
        <line num="55" count="2" type="stmt"/>
        <line num="59" count="12" type="stmt"/>
        <line num="60" count="1" type="stmt"/>
        <line num="61" count="1" type="stmt"/>
        <line num="62" count="1" type="stmt"/>
        <line num="63" count="1" type="stmt"/>
        <line num="64" count="1" type="stmt"/>
        <line num="67" count="12" type="stmt"/>
        <line num="68" count="0" type="cond" truecount="0" falsecount="2"/>
        <line num="69" count="0" type="stmt"/>
        <line num="72" count="0" type="stmt"/>
        <line num="77" count="12" type="stmt"/>
        <line num="78" count="2" type="stmt"/>
        <line num="90" count="12" type="stmt"/>
        <line num="91" count="0" type="cond" truecount="0" falsecount="2"/>
        <line num="92" count="0" type="stmt"/>
        <line num="96" count="12" type="stmt"/>
        <line num="97" count="0" type="stmt"/>
        <line num="100" count="12" type="stmt"/>
        <line num="107" count="0" type="stmt"/>
      </file>
    </package>
    <package name="card-matching-game.src.utilities">
      <metrics statements="25" coveredstatements="25" conditionals="2" coveredconditionals="1" methods="2" coveredmethods="2"/>
      <file name="constants.js" path="C:\Users\sjemi\Documents\card-matching-game\src\utilities\constants.js">
        <metrics statements="10" coveredstatements="10" conditionals="0" coveredconditionals="0" methods="0" coveredmethods="0"/>
        <line num="4" count="4" type="stmt"/>
        <line num="5" count="4" type="stmt"/>
        <line num="6" count="4" type="stmt"/>
        <line num="7" count="4" type="stmt"/>
        <line num="9" count="4" type="stmt"/>
        <line num="10" count="4" type="stmt"/>
        <line num="11" count="4" type="stmt"/>
        <line num="12" count="4" type="stmt"/>
        <line num="13" count="4" type="stmt"/>
        <line num="15" count="4" type="stmt"/>
      </file>
      <file name="functions.js" path="C:\Users\sjemi\Documents\card-matching-game\src\utilities\functions.js">
        <metrics statements="15" coveredstatements="15" conditionals="2" coveredconditionals="1" methods="2" coveredmethods="2"/>
        <line num="3" count="3" type="stmt"/>
        <line num="4" count="3" type="stmt"/>
        <line num="5" count="34" type="stmt"/>
        <line num="6" count="34" type="stmt"/>
        <line num="7" count="34" type="stmt"/>
        <line num="8" count="34" type="stmt"/>
        <line num="9" count="34" type="stmt"/>
        <line num="11" count="3" type="stmt"/>
        <line num="15" count="3" type="stmt"/>
        <line num="16" count="3" type="stmt"/>
        <line num="17" count="18" type="stmt"/>
        <line num="18" count="18" type="cond" truecount="1" falsecount="1"/>
        <line num="19" count="18" type="stmt"/>
        <line num="20" count="18" type="stmt"/>
        <line num="23" count="3" type="stmt"/>
      </file>
    </package>
  </project>
</coverage>
