{"C:\\Users\\sjemi\\Documents\\card-matching-game\\App.js": {"path":"C:\\Users\\sjemi\\Documents\\card-matching-game\\App.js","statementMap":{"0":{"start":{"line":5,"column":2},"end":{"line":5,"column":18}}},"fnMap":{"0":{"name":"App","decl":{"start":{"line":4,"column":24},"end":{"line":4,"column":27}},"loc":{"start":{"line":4,"column":30},"end":{"line":6,"column":1}},"line":4}},"branchMap":{},"s":{"0":1},"f":{"0":1},"b":{},"_coverageSchema":"1a1c01bbd47fc00a2c39e90264f33305004495a9","hash":"e3c6aa1e98370b115535ab6d214209d2d7130b88"}
,"C:\\Users\\sjemi\\Documents\\card-matching-game\\src\\components\\Card.js": {"path":"C:\\Users\\sjemi\\Documents\\card-matching-game\\src\\components\\Card.js","statementMap":{"0":{"start":{"line":12,"column":18},"end":{"line":17,"column":1}},"1":{"start":{"line":16,"column":21},"end":{"line":16,"column":56}},"2":{"start":{"line":19,"column":17},"end":{"line":22,"column":1}},"3":{"start":{"line":24,"column":26},"end":{"line":24,"column":76}},"4":{"start":{"line":34,"column":24},"end":{"line":34,"column":63}},"5":{"start":{"line":36,"column":2},"end":{"line":39,"column":5}},"6":{"start":{"line":41,"column":2},"end":{"line":44,"column":5}},"7":{"start":{"line":46,"column":2},"end":{"line":49,"column":5}},"8":{"start":{"line":51,"column":2},"end":{"line":54,"column":5}},"9":{"start":{"line":56,"column":29},"end":{"line":59,"column":3}},"10":{"start":{"line":60,"column":28},"end":{"line":63,"column":3}},"11":{"start":{"line":65,"column":22},"end":{"line":69,"column":3}},"12":{"start":{"line":66,"column":4},"end":{"line":68,"column":5}},"13":{"start":{"line":67,"column":6},"end":{"line":67,"column":21}},"14":{"start":{"line":71,"column":2},"end":{"line":73,"column":29}},"15":{"start":{"line":72,"column":4},"end":{"line":72,"column":15}},"16":{"start":{"line":75,"column":19},"end":{"line":91,"column":3}},"17":{"start":{"line":76,"column":4},"end":{"line":90,"column":5}},"18":{"start":{"line":77,"column":6},"end":{"line":82,"column":17}},"19":{"start":{"line":84,"column":6},"end":{"line":89,"column":17}},"20":{"start":{"line":93,"column":2},"end":{"line":115,"column":4}},"21":{"start":{"line":109,"column":23},"end":{"line":109,"column":36}},"22":{"start":{"line":118,"column":15},"end":{"line":139,"column":2}}},"fnMap":{"0":{"name":"(anonymous_0)","decl":{"start":{"line":16,"column":4},"end":{"line":16,"column":5}},"loc":{"start":{"line":16,"column":21},"end":{"line":16,"column":56}},"line":16},"1":{"name":"Card","decl":{"start":{"line":26,"column":24},"end":{"line":26,"column":28}},"loc":{"start":{"line":33,"column":3},"end":{"line":116,"column":1}},"line":33},"2":{"name":"(anonymous_2)","decl":{"start":{"line":65,"column":22},"end":{"line":65,"column":23}},"loc":{"start":{"line":65,"column":28},"end":{"line":69,"column":3}},"line":65},"3":{"name":"(anonymous_3)","decl":{"start":{"line":71,"column":12},"end":{"line":71,"column":13}},"loc":{"start":{"line":71,"column":18},"end":{"line":73,"column":3}},"line":71},"4":{"name":"(anonymous_4)","decl":{"start":{"line":75,"column":19},"end":{"line":75,"column":20}},"loc":{"start":{"line":75,"column":25},"end":{"line":91,"column":3}},"line":75},"5":{"name":"(anonymous_5)","decl":{"start":{"line":109,"column":17},"end":{"line":109,"column":18}},"loc":{"start":{"line":109,"column":23},"end":{"line":109,"column":36}},"line":109}},"branchMap":{"0":{"loc":{"start":{"line":16,"column":21},"end":{"line":16,"column":56}},"type":"binary-expr","locations":[{"start":{"line":16,"column":21},"end":{"line":16,"column":29}},{"start":{"line":16,"column":33},"end":{"line":16,"column":56}}],"line":16},"1":{"loc":{"start":{"line":66,"column":4},"end":{"line":68,"column":5}},"type":"if","locations":[{"start":{"line":66,"column":4},"end":{"line":68,"column":5}},{"start":{"line":66,"column":4},"end":{"line":68,"column":5}}],"line":66},"2":{"loc":{"start":{"line":66,"column":8},"end":{"line":66,"column":33}},"type":"binary-expr","locations":[{"start":{"line":66,"column":8},"end":{"line":66,"column":18}},{"start":{"line":66,"column":22},"end":{"line":66,"column":33}}],"line":66},"3":{"loc":{"start":{"line":76,"column":4},"end":{"line":90,"column":5}},"type":"if","locations":[{"start":{"line":76,"column":4},"end":{"line":90,"column":5}},{"start":{"line":76,"column":4},"end":{"line":90,"column":5}}],"line":76},"4":{"loc":{"start":{"line":76,"column":8},"end":{"line":76,"column":32}},"type":"binary-expr","locations":[{"start":{"line":76,"column":8},"end":{"line":76,"column":18}},{"start":{"line":76,"column":22},"end":{"line":76,"column":32}}],"line":76},"5":{"loc":{"start":{"line":93,"column":9},"end":{"line":115,"column":3}},"type":"cond-expr","locations":[{"start":{"line":94,"column":4},"end":{"line":98,"column":11}},{"start":{"line":100,"column":4},"end":{"line":114,"column":11}}],"line":93},"6":{"loc":{"start":{"line":110,"column":18},"end":{"line":110,"column":41}},"type":"binary-expr","locations":[{"start":{"line":110,"column":18},"end":{"line":110,"column":28}},{"start":{"line":110,"column":32},"end":{"line":110,"column":41}}],"line":110}},"s":{"0":3,"1":4,"2":3,"3":3,"4":5,"5":5,"6":5,"7":5,"8":5,"9":5,"10":5,"11":5,"12":1,"13":1,"14":5,"15":3,"16":5,"17":3,"18":1,"19":2,"20":5,"21":1,"22":3},"f":{"0":4,"1":5,"2":1,"3":3,"4":3,"5":1},"b":{"0":[4,2],"1":[1,0],"2":[1,1],"3":[1,2],"4":[3,2],"5":[1,4],"6":[4,3]},"_coverageSchema":"1a1c01bbd47fc00a2c39e90264f33305004495a9","hash":"8ea0480e9344a91d2748e4a5ebe5600077f3fcaa"}
,"C:\\Users\\sjemi\\Documents\\card-matching-game\\src\\components\\Header.js": {"path":"C:\\Users\\sjemi\\Documents\\card-matching-game\\src\\components\\Header.js","statementMap":{"0":{"start":{"line":11,"column":24},"end":{"line":18,"column":1}},"1":{"start":{"line":20,"column":22},"end":{"line":25,"column":1}},"2":{"start":{"line":27,"column":18},"end":{"line":31,"column":1}},"3":{"start":{"line":33,"column":20},"end":{"line":36,"column":1}},"4":{"start":{"line":39,"column":2},"end":{"line":48,"column":4}}},"fnMap":{"0":{"name":"Header","decl":{"start":{"line":38,"column":24},"end":{"line":38,"column":30}},"loc":{"start":{"line":38,"column":60},"end":{"line":49,"column":1}},"line":38}},"branchMap":{},"s":{"0":3,"1":3,"2":3,"3":3,"4":2},"f":{"0":2},"b":{},"_coverageSchema":"1a1c01bbd47fc00a2c39e90264f33305004495a9","hash":"f0e7147968ceca582044da97f2f49e275d3a18da"}
,"C:\\Users\\sjemi\\Documents\\card-matching-game\\src\\components\\index.js": {"path":"C:\\Users\\sjemi\\Documents\\card-matching-game\\src\\components\\index.js","statementMap":{},"fnMap":{},"branchMap":{},"s":{},"f":{},"b":{},"_coverageSchema":"1a1c01bbd47fc00a2c39e90264f33305004495a9","hash":"ebe8760aa45ba216dd62b60514851148e9b34ab4"}
,"C:\\Users\\sjemi\\Documents\\card-matching-game\\src\\screens\\Main.js": {"path":"C:\\Users\\sjemi\\Documents\\card-matching-game\\src\\screens\\Main.js","statementMap":{"0":{"start":{"line":9,"column":18},"end":{"line":14,"column":1}},"1":{"start":{"line":17,"column":28},"end":{"line":17,"column":54}},"2":{"start":{"line":18,"column":36},"end":{"line":18,"column":48}},"3":{"start":{"line":19,"column":42},"end":{"line":19,"column":54}},"4":{"start":{"line":20,"column":48},"end":{"line":20,"column":63}},"5":{"start":{"line":21,"column":28},"end":{"line":21,"column":39}},"6":{"start":{"line":22,"column":18},"end":{"line":22,"column":30}},"7":{"start":{"line":25,"column":24},"end":{"line":37,"column":3}},"8":{"start":{"line":26,"column":28},"end":{"line":26,"column":37}},"9":{"start":{"line":27,"column":4},"end":{"line":27,"column":30}},"10":{"start":{"line":28,"column":4},"end":{"line":32,"column":5}},"11":{"start":{"line":29,"column":6},"end":{"line":29,"column":57}},"12":{"start":{"line":29,"column":32},"end":{"line":29,"column":55}},"13":{"start":{"line":30,"column":6},"end":{"line":30,"column":23}},"14":{"start":{"line":31,"column":6},"end":{"line":31,"column":13}},"15":{"start":{"line":34,"column":4},"end":{"line":36,"column":13}},"16":{"start":{"line":35,"column":6},"end":{"line":35,"column":23}},"17":{"start":{"line":39,"column":26},"end":{"line":48,"column":3}},"18":{"start":{"line":40,"column":4},"end":{"line":40,"column":24}},"19":{"start":{"line":41,"column":4},"end":{"line":47,"column":5}},"20":{"start":{"line":42,"column":6},"end":{"line":42,"column":47}},"21":{"start":{"line":42,"column":29},"end":{"line":42,"column":45}},"22":{"start":{"line":43,"column":6},"end":{"line":43,"column":31}},"23":{"start":{"line":45,"column":6},"end":{"line":45,"column":36}},"24":{"start":{"line":46,"column":6},"end":{"line":46,"column":28}},"25":{"start":{"line":50,"column":24},"end":{"line":52,"column":3}},"26":{"start":{"line":51,"column":4},"end":{"line":51,"column":37}},"27":{"start":{"line":54,"column":24},"end":{"line":56,"column":3}},"28":{"start":{"line":55,"column":4},"end":{"line":55,"column":39}},"29":{"start":{"line":59,"column":20},"end":{"line":65,"column":3}},"30":{"start":{"line":60,"column":4},"end":{"line":60,"column":47}},"31":{"start":{"line":61,"column":4},"end":{"line":61,"column":24}},"32":{"start":{"line":62,"column":4},"end":{"line":62,"column":21}},"33":{"start":{"line":63,"column":4},"end":{"line":63,"column":16}},"34":{"start":{"line":64,"column":4},"end":{"line":64,"column":30}},"35":{"start":{"line":67,"column":23},"end":{"line":75,"column":3}},"36":{"start":{"line":68,"column":4},"end":{"line":74,"column":5}},"37":{"start":{"line":69,"column":6},"end":{"line":73,"column":8}},"38":{"start":{"line":72,"column":53},"end":{"line":72,"column":64}},"39":{"start":{"line":77,"column":21},"end":{"line":88,"column":3}},"40":{"start":{"line":78,"column":4},"end":{"line":87,"column":6}},"41":{"start":{"line":90,"column":2},"end":{"line":94,"column":18}},"42":{"start":{"line":91,"column":4},"end":{"line":93,"column":5}},"43":{"start":{"line":92,"column":6},"end":{"line":92,"column":37}},"44":{"start":{"line":96,"column":2},"end":{"line":98,"column":21}},"45":{"start":{"line":97,"column":4},"end":{"line":97,"column":19}},"46":{"start":{"line":100,"column":2},"end":{"line":113,"column":4}},"47":{"start":{"line":107,"column":36},"end":{"line":107,"column":41}}},"fnMap":{"0":{"name":"Main","decl":{"start":{"line":16,"column":24},"end":{"line":16,"column":28}},"loc":{"start":{"line":16,"column":31},"end":{"line":114,"column":1}},"line":16},"1":{"name":"(anonymous_1)","decl":{"start":{"line":25,"column":24},"end":{"line":25,"column":25}},"loc":{"start":{"line":25,"column":30},"end":{"line":37,"column":3}},"line":25},"2":{"name":"(anonymous_2)","decl":{"start":{"line":29,"column":22},"end":{"line":29,"column":23}},"loc":{"start":{"line":29,"column":32},"end":{"line":29,"column":55}},"line":29},"3":{"name":"(anonymous_3)","decl":{"start":{"line":34,"column":33},"end":{"line":34,"column":34}},"loc":{"start":{"line":34,"column":39},"end":{"line":36,"column":5}},"line":34},"4":{"name":"(anonymous_4)","decl":{"start":{"line":39,"column":26},"end":{"line":39,"column":27}},"loc":{"start":{"line":39,"column":37},"end":{"line":48,"column":3}},"line":39},"5":{"name":"(anonymous_5)","decl":{"start":{"line":42,"column":19},"end":{"line":42,"column":20}},"loc":{"start":{"line":42,"column":29},"end":{"line":42,"column":45}},"line":42},"6":{"name":"(anonymous_6)","decl":{"start":{"line":50,"column":24},"end":{"line":50,"column":25}},"loc":{"start":{"line":50,"column":35},"end":{"line":52,"column":3}},"line":50},"7":{"name":"(anonymous_7)","decl":{"start":{"line":54,"column":24},"end":{"line":54,"column":25}},"loc":{"start":{"line":54,"column":34},"end":{"line":56,"column":3}},"line":54},"8":{"name":"(anonymous_8)","decl":{"start":{"line":59,"column":20},"end":{"line":59,"column":21}},"loc":{"start":{"line":59,"column":26},"end":{"line":65,"column":3}},"line":59},"9":{"name":"(anonymous_9)","decl":{"start":{"line":67,"column":23},"end":{"line":67,"column":24}},"loc":{"start":{"line":67,"column":29},"end":{"line":75,"column":3}},"line":67},"10":{"name":"(anonymous_10)","decl":{"start":{"line":72,"column":47},"end":{"line":72,"column":48}},"loc":{"start":{"line":72,"column":53},"end":{"line":72,"column":64}},"line":72},"11":{"name":"(anonymous_11)","decl":{"start":{"line":77,"column":21},"end":{"line":77,"column":22}},"loc":{"start":{"line":77,"column":42},"end":{"line":88,"column":3}},"line":77},"12":{"name":"(anonymous_12)","decl":{"start":{"line":90,"column":12},"end":{"line":90,"column":13}},"loc":{"start":{"line":90,"column":18},"end":{"line":94,"column":3}},"line":90},"13":{"name":"(anonymous_13)","decl":{"start":{"line":96,"column":12},"end":{"line":96,"column":13}},"loc":{"start":{"line":96,"column":18},"end":{"line":98,"column":3}},"line":96},"14":{"name":"(anonymous_14)","decl":{"start":{"line":107,"column":22},"end":{"line":107,"column":23}},"loc":{"start":{"line":107,"column":36},"end":{"line":107,"column":41}},"line":107}},"branchMap":{"0":{"loc":{"start":{"line":28,"column":4},"end":{"line":32,"column":5}},"type":"if","locations":[{"start":{"line":28,"column":4},"end":{"line":32,"column":5}},{"start":{"line":28,"column":4},"end":{"line":32,"column":5}}],"line":28},"1":{"loc":{"start":{"line":41,"column":4},"end":{"line":47,"column":5}},"type":"if","locations":[{"start":{"line":41,"column":4},"end":{"line":47,"column":5}},{"start":{"line":41,"column":4},"end":{"line":47,"column":5}}],"line":41},"2":{"loc":{"start":{"line":68,"column":4},"end":{"line":74,"column":5}},"type":"if","locations":[{"start":{"line":68,"column":4},"end":{"line":74,"column":5}},{"start":{"line":68,"column":4},"end":{"line":74,"column":5}}],"line":68},"3":{"loc":{"start":{"line":91,"column":4},"end":{"line":93,"column":5}},"type":"if","locations":[{"start":{"line":91,"column":4},"end":{"line":93,"column":5}},{"start":{"line":91,"column":4},"end":{"line":93,"column":5}}],"line":91}},"s":{"0":2,"1":12,"2":12,"3":12,"4":12,"5":12,"6":12,"7":12,"8":0,"9":0,"10":0,"11":0,"12":0,"13":0,"14":0,"15":0,"16":0,"17":12,"18":1,"19":1,"20":0,"21":0,"22":0,"23":1,"24":1,"25":12,"26":2,"27":12,"28":2,"29":12,"30":1,"31":1,"32":1,"33":1,"34":1,"35":12,"36":0,"37":0,"38":0,"39":12,"40":2,"41":12,"42":0,"43":0,"44":12,"45":0,"46":12,"47":0},"f":{"0":12,"1":0,"2":0,"3":0,"4":1,"5":0,"6":2,"7":2,"8":1,"9":0,"10":0,"11":2,"12":0,"13":0,"14":0},"b":{"0":[0,0],"1":[0,1],"2":[0,0],"3":[0,0]},"_coverageSchema":"1a1c01bbd47fc00a2c39e90264f33305004495a9","hash":"7b2dec1f40d4b3c4b10afd8527e5bac9b8b26546"}
,"C:\\Users\\sjemi\\Documents\\card-matching-game\\src\\utilities\\constants.js": {"path":"C:\\Users\\sjemi\\Documents\\card-matching-game\\src\\utilities\\constants.js","statementMap":{"0":{"start":{"line":4,"column":26},"end":{"line":4,"column":35}},"1":{"start":{"line":5,"column":31},"end":{"line":5,"column":40}},"2":{"start":{"line":6,"column":27},"end":{"line":6,"column":36}},"3":{"start":{"line":7,"column":27},"end":{"line":7,"column":36}},"4":{"start":{"line":9,"column":55},"end":{"line":9,"column":79}},"5":{"start":{"line":10,"column":29},"end":{"line":10,"column":46}},"6":{"start":{"line":11,"column":28},"end":{"line":11,"column":45}},"7":{"start":{"line":12,"column":26},"end":{"line":12,"column":61}},"8":{"start":{"line":13,"column":27},"end":{"line":13,"column":79}},"9":{"start":{"line":15,"column":32},"end":{"line":15,"column":64}}},"fnMap":{},"branchMap":{},"s":{"0":4,"1":4,"2":4,"3":4,"4":4,"5":4,"6":4,"7":4,"8":4,"9":4},"f":{},"b":{},"_coverageSchema":"1a1c01bbd47fc00a2c39e90264f33305004495a9","hash":"0769907be63f94a92107bcfebb91ebf515a95d16"}
,"C:\\Users\\sjemi\\Documents\\card-matching-game\\src\\utilities\\functions.js": {"path":"C:\\Users\\sjemi\\Documents\\card-matching-game\\src\\utilities\\functions.js","statementMap":{"0":{"start":{"line":3,"column":17},"end":{"line":3,"column":27}},"1":{"start":{"line":4,"column":2},"end":{"line":10,"column":3}},"2":{"start":{"line":4,"column":15},"end":{"line":4,"column":21}},"3":{"start":{"line":5,"column":24},"end":{"line":5,"column":53}},"4":{"start":{"line":6,"column":25},"end":{"line":6,"column":30}},"5":{"start":{"line":7,"column":17},"end":{"line":7,"column":34}},"6":{"start":{"line":8,"column":4},"end":{"line":8,"column":41}},"7":{"start":{"line":9,"column":4},"end":{"line":9,"column":28}},"8":{"start":{"line":11,"column":2},"end":{"line":11,"column":13}},"9":{"start":{"line":15,"column":14},"end":{"line":15,"column":16}},"10":{"start":{"line":16,"column":2},"end":{"line":22,"column":3}},"11":{"start":{"line":17,"column":14},"end":{"line":17,"column":49}},"12":{"start":{"line":18,"column":4},"end":{"line":21,"column":5}},"13":{"start":{"line":19,"column":6},"end":{"line":19,"column":20}},"14":{"start":{"line":20,"column":6},"end":{"line":20,"column":20}},"15":{"start":{"line":23,"column":2},"end":{"line":23,"column":13}}},"fnMap":{"0":{"name":"shuffleCards","decl":{"start":{"line":2,"column":16},"end":{"line":2,"column":28}},"loc":{"start":{"line":2,"column":34},"end":{"line":12,"column":1}},"line":2},"1":{"name":"getRandomNumbers","decl":{"start":{"line":14,"column":16},"end":{"line":14,"column":32}},"loc":{"start":{"line":14,"column":35},"end":{"line":24,"column":1}},"line":14}},"branchMap":{"0":{"loc":{"start":{"line":18,"column":4},"end":{"line":21,"column":5}},"type":"if","locations":[{"start":{"line":18,"column":4},"end":{"line":21,"column":5}},{"start":{"line":18,"column":4},"end":{"line":21,"column":5}}],"line":18}},"s":{"0":3,"1":3,"2":3,"3":34,"4":34,"5":34,"6":34,"7":34,"8":3,"9":3,"10":3,"11":18,"12":18,"13":18,"14":18,"15":3},"f":{"0":3,"1":3},"b":{"0":[18,0]},"_coverageSchema":"1a1c01bbd47fc00a2c39e90264f33305004495a9","hash":"aa48a27bb7cf451dd530bdc73ff23392625dbd3f"}
}
