{"C:\\Users\\sjemi\\Documents\\card-matching-game\\App.js": {"path":"C:\\Users\\sjemi\\Documents\\card-matching-game\\App.js","statementMap":{"0":{"start":{"line":5,"column":2},"end":{"line":7,"column":4}}},"fnMap":{"0":{"name":"App","decl":{"start":{"line":4,"column":24},"end":{"line":4,"column":27}},"loc":{"start":{"line":4,"column":30},"end":{"line":8,"column":1}},"line":4}},"branchMap":{},"s":{"0":1},"f":{"0":1},"b":{},"_coverageSchema":"1a1c01bbd47fc00a2c39e90264f33305004495a9","hash":"7d848684abfa0069a9dd11e3724ce163ff5fcf63"}
,"C:\\Users\\sjemi\\Documents\\card-matching-game\\src\\components\\Card.js": {"path":"C:\\Users\\sjemi\\Documents\\card-matching-game\\src\\components\\Card.js","statementMap":{"0":{"start":{"line":6,"column":18},"end":{"line":11,"column":1}},"1":{"start":{"line":10,"column":21},"end":{"line":10,"column":56}},"2":{"start":{"line":13,"column":17},"end":{"line":16,"column":1}},"3":{"start":{"line":18,"column":26},"end":{"line":18,"column":76}},"4":{"start":{"line":28,"column":24},"end":{"line":28,"column":63}},"5":{"start":{"line":30,"column":2},"end":{"line":33,"column":5}},"6":{"start":{"line":35,"column":2},"end":{"line":38,"column":5}},"7":{"start":{"line":40,"column":2},"end":{"line":43,"column":5}},"8":{"start":{"line":45,"column":2},"end":{"line":48,"column":5}},"9":{"start":{"line":50,"column":29},"end":{"line":53,"column":3}},"10":{"start":{"line":54,"column":28},"end":{"line":57,"column":3}},"11":{"start":{"line":59,"column":22},"end":{"line":63,"column":3}},"12":{"start":{"line":60,"column":4},"end":{"line":62,"column":5}},"13":{"start":{"line":61,"column":6},"end":{"line":61,"column":21}},"14":{"start":{"line":65,"column":2},"end":{"line":67,"column":29}},"15":{"start":{"line":66,"column":4},"end":{"line":66,"column":15}},"16":{"start":{"line":69,"column":19},"end":{"line":85,"column":3}},"17":{"start":{"line":70,"column":4},"end":{"line":84,"column":5}},"18":{"start":{"line":71,"column":6},"end":{"line":76,"column":17}},"19":{"start":{"line":78,"column":6},"end":{"line":83,"column":17}},"20":{"start":{"line":87,"column":2},"end":{"line":109,"column":4}},"21":{"start":{"line":103,"column":23},"end":{"line":103,"column":36}},"22":{"start":{"line":112,"column":15},"end":{"line":133,"column":2}}},"fnMap":{"0":{"name":"(anonymous_0)","decl":{"start":{"line":10,"column":4},"end":{"line":10,"column":5}},"loc":{"start":{"line":10,"column":21},"end":{"line":10,"column":56}},"line":10},"1":{"name":"Card","decl":{"start":{"line":20,"column":24},"end":{"line":20,"column":28}},"loc":{"start":{"line":27,"column":3},"end":{"line":110,"column":1}},"line":27},"2":{"name":"(anonymous_2)","decl":{"start":{"line":59,"column":22},"end":{"line":59,"column":23}},"loc":{"start":{"line":59,"column":28},"end":{"line":63,"column":3}},"line":59},"3":{"name":"(anonymous_3)","decl":{"start":{"line":65,"column":12},"end":{"line":65,"column":13}},"loc":{"start":{"line":65,"column":18},"end":{"line":67,"column":3}},"line":65},"4":{"name":"(anonymous_4)","decl":{"start":{"line":69,"column":19},"end":{"line":69,"column":20}},"loc":{"start":{"line":69,"column":25},"end":{"line":85,"column":3}},"line":69},"5":{"name":"(anonymous_5)","decl":{"start":{"line":103,"column":17},"end":{"line":103,"column":18}},"loc":{"start":{"line":103,"column":23},"end":{"line":103,"column":36}},"line":103}},"branchMap":{"0":{"loc":{"start":{"line":10,"column":21},"end":{"line":10,"column":56}},"type":"binary-expr","locations":[{"start":{"line":10,"column":21},"end":{"line":10,"column":29}},{"start":{"line":10,"column":33},"end":{"line":10,"column":56}}],"line":10},"1":{"loc":{"start":{"line":60,"column":4},"end":{"line":62,"column":5}},"type":"if","locations":[{"start":{"line":60,"column":4},"end":{"line":62,"column":5}},{"start":{"line":60,"column":4},"end":{"line":62,"column":5}}],"line":60},"2":{"loc":{"start":{"line":60,"column":8},"end":{"line":60,"column":33}},"type":"binary-expr","locations":[{"start":{"line":60,"column":8},"end":{"line":60,"column":18}},{"start":{"line":60,"column":22},"end":{"line":60,"column":33}}],"line":60},"3":{"loc":{"start":{"line":70,"column":4},"end":{"line":84,"column":5}},"type":"if","locations":[{"start":{"line":70,"column":4},"end":{"line":84,"column":5}},{"start":{"line":70,"column":4},"end":{"line":84,"column":5}}],"line":70},"4":{"loc":{"start":{"line":70,"column":8},"end":{"line":70,"column":32}},"type":"binary-expr","locations":[{"start":{"line":70,"column":8},"end":{"line":70,"column":18}},{"start":{"line":70,"column":22},"end":{"line":70,"column":32}}],"line":70},"5":{"loc":{"start":{"line":87,"column":9},"end":{"line":109,"column":3}},"type":"cond-expr","locations":[{"start":{"line":88,"column":4},"end":{"line":92,"column":11}},{"start":{"line":94,"column":4},"end":{"line":108,"column":11}}],"line":87},"6":{"loc":{"start":{"line":104,"column":18},"end":{"line":104,"column":41}},"type":"binary-expr","locations":[{"start":{"line":104,"column":18},"end":{"line":104,"column":28}},{"start":{"line":104,"column":32},"end":{"line":104,"column":41}}],"line":104}},"s":{"0":3,"1":4,"2":3,"3":3,"4":5,"5":5,"6":5,"7":5,"8":5,"9":5,"10":5,"11":5,"12":1,"13":1,"14":5,"15":3,"16":5,"17":3,"18":1,"19":2,"20":5,"21":1,"22":3},"f":{"0":4,"1":5,"2":1,"3":3,"4":3,"5":1},"b":{"0":[4,2],"1":[1,0],"2":[1,1],"3":[1,2],"4":[3,2],"5":[1,4],"6":[4,3]},"_coverageSchema":"1a1c01bbd47fc00a2c39e90264f33305004495a9","hash":"db08a7f803fdbe999e27c5926526cb8524988b34"}
,"C:\\Users\\sjemi\\Documents\\card-matching-game\\src\\components\\Header.js": {"path":"C:\\Users\\sjemi\\Documents\\card-matching-game\\src\\components\\Header.js","statementMap":{"0":{"start":{"line":6,"column":24},"end":{"line":13,"column":1}},"1":{"start":{"line":15,"column":22},"end":{"line":20,"column":1}},"2":{"start":{"line":22,"column":18},"end":{"line":26,"column":1}},"3":{"start":{"line":28,"column":20},"end":{"line":31,"column":1}},"4":{"start":{"line":34,"column":2},"end":{"line":41,"column":4}}},"fnMap":{"0":{"name":"Header","decl":{"start":{"line":33,"column":24},"end":{"line":33,"column":30}},"loc":{"start":{"line":33,"column":60},"end":{"line":42,"column":1}},"line":33}},"branchMap":{},"s":{"0":3,"1":3,"2":3,"3":3,"4":2},"f":{"0":2},"b":{},"_coverageSchema":"1a1c01bbd47fc00a2c39e90264f33305004495a9","hash":"cdf2a71aabfc1f47117c9a36ac99c5a85291fa7e"}
,"C:\\Users\\sjemi\\Documents\\card-matching-game\\src\\components\\index.js": {"path":"C:\\Users\\sjemi\\Documents\\card-matching-game\\src\\components\\index.js","statementMap":{},"fnMap":{},"branchMap":{},"s":{},"f":{},"b":{},"_coverageSchema":"1a1c01bbd47fc00a2c39e90264f33305004495a9","hash":"ebe8760aa45ba216dd62b60514851148e9b34ab4"}
,"C:\\Users\\sjemi\\Documents\\card-matching-game\\src\\screens\\Main.js": {"path":"C:\\Users\\sjemi\\Documents\\card-matching-game\\src\\screens\\Main.js","statementMap":{"0":{"start":{"line":9,"column":18},"end":{"line":14,"column":1}},"1":{"start":{"line":17,"column":28},"end":{"line":17,"column":54}},"2":{"start":{"line":18,"column":36},"end":{"line":18,"column":48}},"3":{"start":{"line":19,"column":42},"end":{"line":19,"column":54}},"4":{"start":{"line":20,"column":48},"end":{"line":20,"column":63}},"5":{"start":{"line":21,"column":28},"end":{"line":21,"column":39}},"6":{"start":{"line":22,"column":18},"end":{"line":22,"column":30}},"7":{"start":{"line":24,"column":23},"end":{"line":26,"column":3}},"8":{"start":{"line":25,"column":4},"end":{"line":25,"column":29}},"9":{"start":{"line":27,"column":22},"end":{"line":29,"column":3}},"10":{"start":{"line":28,"column":4},"end":{"line":28,"column":30}},"11":{"start":{"line":32,"column":24},"end":{"line":44,"column":3}},"12":{"start":{"line":33,"column":28},"end":{"line":33,"column":37}},"13":{"start":{"line":34,"column":4},"end":{"line":34,"column":18}},"14":{"start":{"line":35,"column":4},"end":{"line":39,"column":5}},"15":{"start":{"line":36,"column":6},"end":{"line":36,"column":57}},"16":{"start":{"line":36,"column":32},"end":{"line":36,"column":55}},"17":{"start":{"line":37,"column":6},"end":{"line":37,"column":23}},"18":{"start":{"line":38,"column":6},"end":{"line":38,"column":13}},"19":{"start":{"line":41,"column":4},"end":{"line":43,"column":13}},"20":{"start":{"line":42,"column":6},"end":{"line":42,"column":23}},"21":{"start":{"line":46,"column":26},"end":{"line":55,"column":3}},"22":{"start":{"line":47,"column":4},"end":{"line":47,"column":24}},"23":{"start":{"line":48,"column":4},"end":{"line":54,"column":5}},"24":{"start":{"line":49,"column":6},"end":{"line":49,"column":47}},"25":{"start":{"line":49,"column":29},"end":{"line":49,"column":45}},"26":{"start":{"line":50,"column":6},"end":{"line":50,"column":21}},"27":{"start":{"line":52,"column":6},"end":{"line":52,"column":36}},"28":{"start":{"line":53,"column":6},"end":{"line":53,"column":28}},"29":{"start":{"line":57,"column":24},"end":{"line":59,"column":3}},"30":{"start":{"line":58,"column":4},"end":{"line":58,"column":37}},"31":{"start":{"line":61,"column":24},"end":{"line":63,"column":3}},"32":{"start":{"line":62,"column":4},"end":{"line":62,"column":39}},"33":{"start":{"line":66,"column":20},"end":{"line":72,"column":3}},"34":{"start":{"line":67,"column":4},"end":{"line":67,"column":47}},"35":{"start":{"line":68,"column":4},"end":{"line":68,"column":24}},"36":{"start":{"line":69,"column":4},"end":{"line":69,"column":21}},"37":{"start":{"line":70,"column":4},"end":{"line":70,"column":16}},"38":{"start":{"line":71,"column":4},"end":{"line":71,"column":30}},"39":{"start":{"line":74,"column":23},"end":{"line":82,"column":3}},"40":{"start":{"line":75,"column":4},"end":{"line":81,"column":5}},"41":{"start":{"line":76,"column":6},"end":{"line":80,"column":8}},"42":{"start":{"line":79,"column":53},"end":{"line":79,"column":64}},"43":{"start":{"line":84,"column":21},"end":{"line":95,"column":3}},"44":{"start":{"line":85,"column":4},"end":{"line":94,"column":6}},"45":{"start":{"line":97,"column":2},"end":{"line":101,"column":18}},"46":{"start":{"line":98,"column":4},"end":{"line":100,"column":5}},"47":{"start":{"line":99,"column":6},"end":{"line":99,"column":37}},"48":{"start":{"line":103,"column":2},"end":{"line":105,"column":21}},"49":{"start":{"line":104,"column":4},"end":{"line":104,"column":19}},"50":{"start":{"line":107,"column":2},"end":{"line":120,"column":4}},"51":{"start":{"line":114,"column":36},"end":{"line":114,"column":41}}},"fnMap":{"0":{"name":"Main","decl":{"start":{"line":16,"column":24},"end":{"line":16,"column":28}},"loc":{"start":{"line":16,"column":31},"end":{"line":121,"column":1}},"line":16},"1":{"name":"(anonymous_1)","decl":{"start":{"line":24,"column":23},"end":{"line":24,"column":24}},"loc":{"start":{"line":24,"column":29},"end":{"line":26,"column":3}},"line":24},"2":{"name":"(anonymous_2)","decl":{"start":{"line":27,"column":22},"end":{"line":27,"column":23}},"loc":{"start":{"line":27,"column":28},"end":{"line":29,"column":3}},"line":27},"3":{"name":"(anonymous_3)","decl":{"start":{"line":32,"column":24},"end":{"line":32,"column":25}},"loc":{"start":{"line":32,"column":30},"end":{"line":44,"column":3}},"line":32},"4":{"name":"(anonymous_4)","decl":{"start":{"line":36,"column":22},"end":{"line":36,"column":23}},"loc":{"start":{"line":36,"column":32},"end":{"line":36,"column":55}},"line":36},"5":{"name":"(anonymous_5)","decl":{"start":{"line":41,"column":33},"end":{"line":41,"column":34}},"loc":{"start":{"line":41,"column":39},"end":{"line":43,"column":5}},"line":41},"6":{"name":"(anonymous_6)","decl":{"start":{"line":46,"column":26},"end":{"line":46,"column":27}},"loc":{"start":{"line":46,"column":37},"end":{"line":55,"column":3}},"line":46},"7":{"name":"(anonymous_7)","decl":{"start":{"line":49,"column":19},"end":{"line":49,"column":20}},"loc":{"start":{"line":49,"column":29},"end":{"line":49,"column":45}},"line":49},"8":{"name":"(anonymous_8)","decl":{"start":{"line":57,"column":24},"end":{"line":57,"column":25}},"loc":{"start":{"line":57,"column":35},"end":{"line":59,"column":3}},"line":57},"9":{"name":"(anonymous_9)","decl":{"start":{"line":61,"column":24},"end":{"line":61,"column":25}},"loc":{"start":{"line":61,"column":34},"end":{"line":63,"column":3}},"line":61},"10":{"name":"(anonymous_10)","decl":{"start":{"line":66,"column":20},"end":{"line":66,"column":21}},"loc":{"start":{"line":66,"column":26},"end":{"line":72,"column":3}},"line":66},"11":{"name":"(anonymous_11)","decl":{"start":{"line":74,"column":23},"end":{"line":74,"column":24}},"loc":{"start":{"line":74,"column":29},"end":{"line":82,"column":3}},"line":74},"12":{"name":"(anonymous_12)","decl":{"start":{"line":79,"column":47},"end":{"line":79,"column":48}},"loc":{"start":{"line":79,"column":53},"end":{"line":79,"column":64}},"line":79},"13":{"name":"(anonymous_13)","decl":{"start":{"line":84,"column":21},"end":{"line":84,"column":22}},"loc":{"start":{"line":84,"column":42},"end":{"line":95,"column":3}},"line":84},"14":{"name":"(anonymous_14)","decl":{"start":{"line":97,"column":12},"end":{"line":97,"column":13}},"loc":{"start":{"line":97,"column":18},"end":{"line":101,"column":3}},"line":97},"15":{"name":"(anonymous_15)","decl":{"start":{"line":103,"column":12},"end":{"line":103,"column":13}},"loc":{"start":{"line":103,"column":18},"end":{"line":105,"column":3}},"line":103},"16":{"name":"(anonymous_16)","decl":{"start":{"line":114,"column":22},"end":{"line":114,"column":23}},"loc":{"start":{"line":114,"column":36},"end":{"line":114,"column":41}},"line":114}},"branchMap":{"0":{"loc":{"start":{"line":35,"column":4},"end":{"line":39,"column":5}},"type":"if","locations":[{"start":{"line":35,"column":4},"end":{"line":39,"column":5}},{"start":{"line":35,"column":4},"end":{"line":39,"column":5}}],"line":35},"1":{"loc":{"start":{"line":48,"column":4},"end":{"line":54,"column":5}},"type":"if","locations":[{"start":{"line":48,"column":4},"end":{"line":54,"column":5}},{"start":{"line":48,"column":4},"end":{"line":54,"column":5}}],"line":48},"2":{"loc":{"start":{"line":75,"column":4},"end":{"line":81,"column":5}},"type":"if","locations":[{"start":{"line":75,"column":4},"end":{"line":81,"column":5}},{"start":{"line":75,"column":4},"end":{"line":81,"column":5}}],"line":75},"3":{"loc":{"start":{"line":98,"column":4},"end":{"line":100,"column":5}},"type":"if","locations":[{"start":{"line":98,"column":4},"end":{"line":100,"column":5}},{"start":{"line":98,"column":4},"end":{"line":100,"column":5}}],"line":98}},"s":{"0":2,"1":2,"2":2,"3":2,"4":2,"5":2,"6":2,"7":2,"8":0,"9":2,"10":0,"11":2,"12":0,"13":0,"14":0,"15":0,"16":0,"17":0,"18":0,"19":0,"20":0,"21":2,"22":0,"23":0,"24":0,"25":0,"26":0,"27":0,"28":0,"29":2,"30":0,"31":2,"32":0,"33":2,"34":0,"35":0,"36":0,"37":0,"38":0,"39":2,"40":0,"41":0,"42":0,"43":2,"44":0,"45":2,"46":0,"47":0,"48":2,"49":0,"50":2,"51":0},"f":{"0":2,"1":0,"2":0,"3":0,"4":0,"5":0,"6":0,"7":0,"8":0,"9":0,"10":0,"11":0,"12":0,"13":0,"14":0,"15":0,"16":0},"b":{"0":[0,0],"1":[0,0],"2":[0,0],"3":[0,0]},"_coverageSchema":"1a1c01bbd47fc00a2c39e90264f33305004495a9","hash":"333bb18e9546759a07036d29e8ba2903f1c0e012"}
,"C:\\Users\\sjemi\\Documents\\card-matching-game\\src\\utilities\\constants.js": {"path":"C:\\Users\\sjemi\\Documents\\card-matching-game\\src\\utilities\\constants.js","statementMap":{"0":{"start":{"line":4,"column":26},"end":{"line":4,"column":35}},"1":{"start":{"line":5,"column":31},"end":{"line":5,"column":40}},"2":{"start":{"line":6,"column":27},"end":{"line":6,"column":36}},"3":{"start":{"line":7,"column":27},"end":{"line":7,"column":36}},"4":{"start":{"line":9,"column":55},"end":{"line":9,"column":79}},"5":{"start":{"line":10,"column":29},"end":{"line":10,"column":46}},"6":{"start":{"line":11,"column":28},"end":{"line":11,"column":45}},"7":{"start":{"line":12,"column":26},"end":{"line":12,"column":61}},"8":{"start":{"line":13,"column":27},"end":{"line":13,"column":78}},"9":{"start":{"line":15,"column":32},"end":{"line":15,"column":64}}},"fnMap":{},"branchMap":{},"s":{"0":4,"1":4,"2":4,"3":4,"4":4,"5":4,"6":4,"7":4,"8":4,"9":4},"f":{},"b":{},"_coverageSchema":"1a1c01bbd47fc00a2c39e90264f33305004495a9","hash":"8d3ebe21e745f11c75e7737d6ca08ac3632b9737"}
,"C:\\Users\\sjemi\\Documents\\card-matching-game\\src\\utilities\\functions.js": {"path":"C:\\Users\\sjemi\\Documents\\card-matching-game\\src\\utilities\\functions.js","statementMap":{"0":{"start":{"line":3,"column":17},"end":{"line":3,"column":27}},"1":{"start":{"line":4,"column":2},"end":{"line":10,"column":3}},"2":{"start":{"line":4,"column":15},"end":{"line":4,"column":21}},"3":{"start":{"line":5,"column":24},"end":{"line":5,"column":53}},"4":{"start":{"line":6,"column":25},"end":{"line":6,"column":30}},"5":{"start":{"line":7,"column":17},"end":{"line":7,"column":34}},"6":{"start":{"line":8,"column":4},"end":{"line":8,"column":41}},"7":{"start":{"line":9,"column":4},"end":{"line":9,"column":28}},"8":{"start":{"line":11,"column":2},"end":{"line":11,"column":13}},"9":{"start":{"line":15,"column":14},"end":{"line":15,"column":16}},"10":{"start":{"line":16,"column":2},"end":{"line":22,"column":3}},"11":{"start":{"line":17,"column":14},"end":{"line":17,"column":49}},"12":{"start":{"line":18,"column":4},"end":{"line":21,"column":5}},"13":{"start":{"line":19,"column":6},"end":{"line":19,"column":20}},"14":{"start":{"line":20,"column":6},"end":{"line":20,"column":20}},"15":{"start":{"line":23,"column":2},"end":{"line":23,"column":13}}},"fnMap":{"0":{"name":"shuffleCards","decl":{"start":{"line":2,"column":16},"end":{"line":2,"column":28}},"loc":{"start":{"line":2,"column":34},"end":{"line":12,"column":1}},"line":2},"1":{"name":"getRandomNumbers","decl":{"start":{"line":14,"column":16},"end":{"line":14,"column":32}},"loc":{"start":{"line":14,"column":35},"end":{"line":24,"column":1}},"line":14}},"branchMap":{"0":{"loc":{"start":{"line":18,"column":4},"end":{"line":21,"column":5}},"type":"if","locations":[{"start":{"line":18,"column":4},"end":{"line":21,"column":5}},{"start":{"line":18,"column":4},"end":{"line":21,"column":5}}],"line":18}},"s":{"0":3,"1":3,"2":3,"3":34,"4":34,"5":34,"6":34,"7":34,"8":3,"9":3,"10":3,"11":18,"12":18,"13":18,"14":18,"15":3},"f":{"0":3,"1":3},"b":{"0":[18,0]},"_coverageSchema":"1a1c01bbd47fc00a2c39e90264f33305004495a9","hash":"aa48a27bb7cf451dd530bdc73ff23392625dbd3f"}
}
