TN:
SF:App.js
FN:4,App
FNF:1
FNH:1
FNDA:1,App
DA:5,1
LF:1
LH:1
BRF:0
BRH:0
end_of_record
TN:
SF:src\components\Card.js
FN:10,(anonymous_0)
FN:20,Card
FN:59,(anonymous_2)
FN:65,(anonymous_3)
FN:69,(anonymous_4)
FN:103,(anonymous_5)
FNF:6
FNH:6
FNDA:4,(anonymous_0)
FNDA:5,Card
FNDA:1,(anonymous_2)
FNDA:3,(anonymous_3)
FNDA:3,(anonymous_4)
FNDA:1,(anonymous_5)
DA:6,3
DA:10,4
DA:13,3
DA:18,3
DA:28,5
DA:30,5
DA:35,5
DA:40,5
DA:45,5
DA:50,5
DA:54,5
DA:59,5
DA:60,1
DA:61,1
DA:65,5
DA:66,3
DA:69,5
DA:70,3
DA:71,1
DA:78,2
DA:87,5
DA:103,1
DA:112,3
LF:23
LH:23
BRDA:10,0,0,4
BRDA:10,0,1,2
BRDA:60,1,0,1
BRDA:60,1,1,0
BRDA:60,2,0,1
BRDA:60,2,1,1
BRDA:70,3,0,1
BRDA:70,3,1,2
BRDA:70,4,0,3
BRDA:70,4,1,2
BRDA:87,5,0,1
BRDA:87,5,1,4
BRDA:104,6,0,4
BRDA:104,6,1,3
BRF:14
BRH:13
end_of_record
TN:
SF:src\components\Header.js
FN:33,Header
FNF:1
FNH:1
FNDA:2,Header
DA:6,3
DA:15,3
DA:22,3
DA:28,3
DA:34,2
LF:5
LH:5
BRF:0
BRH:0
end_of_record
TN:
SF:src\components\index.js
FNF:0
FNH:0
LF:0
LH:0
BRF:0
BRH:0
end_of_record
TN:
SF:src\screens\Main.js
FN:16,Main
FN:24,(anonymous_1)
FN:27,(anonymous_2)
FN:32,(anonymous_3)
FN:36,(anonymous_4)
FN:41,(anonymous_5)
FN:46,(anonymous_6)
FN:49,(anonymous_7)
FN:57,(anonymous_8)
FN:61,(anonymous_9)
FN:66,(anonymous_10)
FN:74,(anonymous_11)
FN:79,(anonymous_12)
FN:84,(anonymous_13)
FN:97,(anonymous_14)
FN:103,(anonymous_15)
FN:114,(anonymous_16)
FNF:17
FNH:1
FNDA:2,Main
FNDA:0,(anonymous_1)
FNDA:0,(anonymous_2)
FNDA:0,(anonymous_3)
FNDA:0,(anonymous_4)
FNDA:0,(anonymous_5)
FNDA:0,(anonymous_6)
FNDA:0,(anonymous_7)
FNDA:0,(anonymous_8)
FNDA:0,(anonymous_9)
FNDA:0,(anonymous_10)
FNDA:0,(anonymous_11)
FNDA:0,(anonymous_12)
FNDA:0,(anonymous_13)
FNDA:0,(anonymous_14)
FNDA:0,(anonymous_15)
FNDA:0,(anonymous_16)
DA:9,2
DA:17,2
DA:18,2
DA:19,2
DA:20,2
DA:21,2
DA:22,2
DA:24,2
DA:25,0
DA:27,2
DA:28,0
DA:32,2
DA:33,0
DA:34,0
DA:35,0
DA:36,0
DA:37,0
DA:38,0
DA:41,0
DA:42,0
DA:46,2
DA:47,0
DA:48,0
DA:49,0
DA:50,0
DA:52,0
DA:53,0
DA:57,2
DA:58,0
DA:61,2
DA:62,0
DA:66,2
DA:67,0
DA:68,0
DA:69,0
DA:70,0
DA:71,0
DA:74,2
DA:75,0
DA:76,0
DA:79,0
DA:84,2
DA:85,0
DA:97,2
DA:98,0
DA:99,0
DA:103,2
DA:104,0
DA:107,2
DA:114,0
LF:50
LH:19
BRDA:35,0,0,0
BRDA:35,0,1,0
BRDA:48,1,0,0
BRDA:48,1,1,0
BRDA:75,2,0,0
BRDA:75,2,1,0
BRDA:98,3,0,0
BRDA:98,3,1,0
BRF:8
BRH:0
end_of_record
TN:
SF:src\utilities\constants.js
FNF:0
FNH:0
DA:4,4
DA:5,4
DA:6,4
DA:7,4
DA:9,4
DA:10,4
DA:11,4
DA:12,4
DA:13,4
DA:15,4
LF:10
LH:10
BRF:0
BRH:0
end_of_record
TN:
SF:src\utilities\functions.js
FN:2,shuffleCards
FN:14,getRandomNumbers
FNF:2
FNH:2
FNDA:3,shuffleCards
FNDA:3,getRandomNumbers
DA:3,3
DA:4,3
DA:5,34
DA:6,34
DA:7,34
DA:8,34
DA:9,34
DA:11,3
DA:15,3
DA:16,3
DA:17,18
DA:18,18
DA:19,18
DA:20,18
DA:23,3
LF:15
LH:15
BRDA:18,0,0,18
BRDA:18,0,1,0
BRF:2
BRH:1
end_of_record
