TN:
SF:App.js
FN:4,App
FNF:1
FNH:1
FNDA:1,App
DA:5,1
LF:1
LH:1
BRF:0
BRH:0
end_of_record
TN:
SF:src\components\Card.js
FN:16,(anonymous_0)
FN:26,Card
FN:65,(anonymous_2)
FN:71,(anonymous_3)
FN:75,(anonymous_4)
FN:109,(anonymous_5)
FNF:6
FNH:6
FNDA:4,(anonymous_0)
FNDA:5,Card
FNDA:1,(anonymous_2)
FNDA:3,(anonymous_3)
FNDA:3,(anonymous_4)
FNDA:1,(anonymous_5)
DA:12,3
DA:16,4
DA:19,3
DA:24,3
DA:34,5
DA:36,5
DA:41,5
DA:46,5
DA:51,5
DA:56,5
DA:60,5
DA:65,5
DA:66,1
DA:67,1
DA:71,5
DA:72,3
DA:75,5
DA:76,3
DA:77,1
DA:84,2
DA:93,5
DA:109,1
DA:118,3
LF:23
LH:23
BRDA:16,0,0,4
BRDA:16,0,1,2
BRDA:66,1,0,1
BRDA:66,1,1,0
BRDA:66,2,0,1
BRDA:66,2,1,1
BRDA:76,3,0,1
BRDA:76,3,1,2
BRDA:76,4,0,3
BRDA:76,4,1,2
BRDA:93,5,0,1
BRDA:93,5,1,4
BRDA:110,6,0,4
BRDA:110,6,1,3
BRF:14
BRH:13
end_of_record
TN:
SF:src\components\Header.js
FN:38,Header
FNF:1
FNH:1
FNDA:2,Header
DA:11,3
DA:20,3
DA:27,3
DA:33,3
DA:39,2
LF:5
LH:5
BRF:0
BRH:0
end_of_record
TN:
SF:src\components\index.js
FNF:0
FNH:0
LF:0
LH:0
BRF:0
BRH:0
end_of_record
TN:
SF:src\screens\Main.js
FN:16,Main
FN:25,(anonymous_1)
FN:29,(anonymous_2)
FN:34,(anonymous_3)
FN:39,(anonymous_4)
FN:42,(anonymous_5)
FN:50,(anonymous_6)
FN:54,(anonymous_7)
FN:59,(anonymous_8)
FN:67,(anonymous_9)
FN:72,(anonymous_10)
FN:77,(anonymous_11)
FN:90,(anonymous_12)
FN:96,(anonymous_13)
FN:107,(anonymous_14)
FNF:15
FNH:6
FNDA:12,Main
FNDA:0,(anonymous_1)
FNDA:0,(anonymous_2)
FNDA:0,(anonymous_3)
FNDA:1,(anonymous_4)
FNDA:0,(anonymous_5)
FNDA:2,(anonymous_6)
FNDA:2,(anonymous_7)
FNDA:1,(anonymous_8)
FNDA:0,(anonymous_9)
FNDA:0,(anonymous_10)
FNDA:2,(anonymous_11)
FNDA:0,(anonymous_12)
FNDA:0,(anonymous_13)
FNDA:0,(anonymous_14)
DA:9,2
DA:17,12
DA:18,12
DA:19,12
DA:20,12
DA:21,12
DA:22,12
DA:25,12
DA:26,0
DA:27,0
DA:28,0
DA:29,0
DA:30,0
DA:31,0
DA:34,0
DA:35,0
DA:39,12
DA:40,1
DA:41,1
DA:42,0
DA:43,0
DA:45,1
DA:46,1
DA:50,12
DA:51,2
DA:54,12
DA:55,2
DA:59,12
DA:60,1
DA:61,1
DA:62,1
DA:63,1
DA:64,1
DA:67,12
DA:68,0
DA:69,0
DA:72,0
DA:77,12
DA:78,2
DA:90,12
DA:91,0
DA:92,0
DA:96,12
DA:97,0
DA:100,12
DA:107,0
LF:46
LH:29
BRDA:28,0,0,0
BRDA:28,0,1,0
BRDA:41,1,0,0
BRDA:41,1,1,1
BRDA:68,2,0,0
BRDA:68,2,1,0
BRDA:91,3,0,0
BRDA:91,3,1,0
BRF:8
BRH:1
end_of_record
TN:
SF:src\utilities\constants.js
FNF:0
FNH:0
DA:4,4
DA:5,4
DA:6,4
DA:7,4
DA:9,4
DA:10,4
DA:11,4
DA:12,4
DA:13,4
DA:15,4
LF:10
LH:10
BRF:0
BRH:0
end_of_record
TN:
SF:src\utilities\functions.js
FN:2,shuffleCards
FN:14,getRandomNumbers
FNF:2
FNH:2
FNDA:3,shuffleCards
FNDA:3,getRandomNumbers
DA:3,3
DA:4,3
DA:5,34
DA:6,34
DA:7,34
DA:8,34
DA:9,34
DA:11,3
DA:15,3
DA:16,3
DA:17,18
DA:18,18
DA:19,18
DA:20,18
DA:23,3
LF:15
LH:15
BRDA:18,0,0,18
BRDA:18,0,1,0
BRF:2
BRH:1
end_of_record
